<component name="libraryTable">
  <library name="junit1">
    <CLASSES>
      <root url="jar:///usr/share/junit-4/lib/junit.jar!/" />
    </CLASSES>
    <JAVADOC />
    <SOURCES />
  </library>
</component>